<?xml version="1.0" encoding="UTF-8"?>
<!-- Generated by org.testng.reporters.JUnitXMLReporter -->
<testsuite hostname="AmazonRR" ignored="0" name="Test" tests="1" failures="1" timestamp="2021-06-02T13:16:16 IST" time="35.241" errors="0">
  <testcase name="feature" time="34.576" classname="com.crm.qa.TestRunner.TestRunnerFile">
    <failure type="cucumber.runtime.CucumberException" message="java.lang.AssertionError: expected [CRMPRO -1 CRM software for customer relationship management, sales, and support.] but found [CRMPRO - CRM software for customer relationship management, sales, and support.]">
      <![CDATA[cucumber.runtime.CucumberException: java.lang.AssertionError: expected [CRMPRO -1 CRM software for customer relationship management, sales, and support.] but found [CRMPRO - CRM software for customer relationship management, sales, and support.]
at cucumber.api.testng.TestNGCucumberRunner.runCucumber(TestNGCucumberRunner.java:69)
at com.crm.qa.TestRunner.TestRunnerFile.feature(TestRunnerFile.java:35)
at java.util.ArrayList.forEach(Unknown Source)
Caused by: java.lang.AssertionError: expected [CRMPRO -1 CRM software for customer relationship management, sales, and support.] but found [CRMPRO - CRM software for customer relationship management, sales, and support.]
at com.crm.qa.StepDefinitions.LoginPageTest.title_of_login_page_is_Free_CRM(LoginPageTest.java:36)
at ✽.When Title of Login Page is Free CRM(LoginPage.feature:17)
... Removed 33 stack frames]]>
    </failure>
  </testcase> <!-- feature -->
</testsuite> <!-- Test -->
