<?xml version="1.0" encoding="UTF-8" standalone="no"?>
<testsuite failures="0" name="cucumber.runtime.formatter.JUnitFormatter" skipped="0" tests="2" time="43.318203">
<testcase classname="CRM Application Login Test" name="Free CRM Login Test" time="24.442959">
<system-out><![CDATA[Given User is already on Login Page.........................................passed
When Title of Login Page is Free CRM........................................passed
Then User enters "Reddy77077" and "Saibaba77" and click on login button.....passed
Then User is on Home Page...................................................passed
]]></system-out>
</testcase>
<testcase classname="CRM Application Login Test" name="Free CRM Login Test 2" time="18.875244">
<system-out><![CDATA[Given User is already on Login Page.........................................passed
When Title of Login Page is Free CRM........................................passed
Then User enters "Reddy77077" and "Saibaba77" and click on login button.....passed
Then User is on Home Page...................................................passed
]]></system-out>
</testcase>
</testsuite>
