<?xml version="1.0" encoding="UTF-8" standalone="no"?>
<testsuite failures="0" name="cucumber.runtime.formatter.JUnitFormatter" skipped="0" tests="3" time="90.656143">
<testcase classname="Free CRM Login Without Examples" name="Free CRM Login Test Scenario" time="34.219321">
<system-out><![CDATA[Given User is already on Login Page.........................................passed
When Title of login page is Free CRM........................................passed
Then User enters username and password and click on login button............passed
Then User is on home page...................................................passed
]]></system-out>
</testcase>
<testcase classname="Free CRM Login With Examples" name="Free CRM Login Test Scenario" time="26.377408">
<system-out><![CDATA[Given User is should be on Login Page.......................................passed
When Title of login page should be verified.................................passed
Then User enters "pavanreddy" and "Saibaba77" and clicks on login button....passed
Then User should be on home page............................................passed
]]></system-out>
</testcase>
<testcase classname="Free CRM Login With Examples" name="Free CRM Login Test Scenario 2" time="30.059414">
<system-out><![CDATA[Given User is should be on Login Page.......................................passed
When Title of login page should be verified.................................passed
Then User enters "pavanreddy" and "Saibaba77" and clicks on login button....passed
Then User should be on home page............................................passed
]]></system-out>
</testcase>
</testsuite>
