<?xml version="1.0" encoding="UTF-8"?>
<testsuite xmlns:xsi="http://www.w3.org/2001/XMLSchema-instance" xsi:noNamespaceSchemaLocation="https://maven.apache.org/surefire/maven-surefire-plugin/xsd/surefire-test-report.xsd" name="TestSuite" time="99.11" tests="1" errors="0" skipped="0" failures="1">
  <properties>
[...]
</properties>
  <testcase name="feature" classname="com.crm.qa.TestRunner.TestRunnerClass" time="89.438">
    <failure message="org.openqa.selenium.TimeoutException: timeout&#10;  (Session info: chrome=74.0.3729.169)&#10;  (Driver info: chromedriver=2.40.565498 (ea082db3280dd6843ebfb08a625e3eb905c4f5ab),platform=Windows NT 6.1.7600 SP1 x86) (WARNING: The server did not provide any stacktrace information)&#10;Command duration or timeout: 0 milliseconds&#10;Build info: version: &apos;3.11.0&apos;, revision: &apos;e59cfb3&apos;, time: &apos;2018-03-11T20:26:55.152Z&apos;&#10;System info: host: &apos;PAVAN-PC&apos;, ip: &apos;172.20.10.3&apos;, os.name: &apos;Windows 7&apos;, os.arch: &apos;x86&apos;, os.version: &apos;6.1&apos;, java.version: &apos;1.8.0_144&apos;&#10;Driver info: org.openqa.selenium.chrome.ChromeDriver&#10;Capabilities {acceptInsecureCerts: false, acceptSslCerts: false, applicationCacheEnabled: false, browserConnectionEnabled: false, browserName: chrome, chrome: {chromedriverVersion: 2.40.565498 (ea082db3280dd6..., userDataDir: C:\Users\PAVAN\AppData\Loca...}, cssSelectorsEnabled: true, databaseEnabled: false, handlesAlerts: true, hasTouchScreen: false, javascriptEnabled: true, locationContextEnabled: true, mobileEmulationEnabled: false, nativeEvents: true, networkConnectionEnabled: false, pageLoadStrategy: normal, platform: XP, platformName: XP, rotatable: false, setWindowRect: true, takesHeapSnapshot: true, takesScreenshot: true, unexpectedAlertBehaviour: , unhandledPromptBehavior: , version: 74.0.3729.169, webStorageEnabled: true}&#10;Session ID: 97af02f28ee68e1ba7b3a786ad0784b7" type="cucumber.runtime.CucumberException">cucumber.runtime.CucumberException: 
org.openqa.selenium.TimeoutException: timeout
  (Session info: chrome=74.0.3729.169)
  (Driver info: chromedriver=2.40.565498 (ea082db3280dd6843ebfb08a625e3eb905c4f5ab),platform=Windows NT 6.1.7600 SP1 x86) (WARNING: The server did not provide any stacktrace information)
Command duration or timeout: 0 milliseconds
Build info: version: '3.11.0', revision: 'e59cfb3', time: '2018-03-11T20:26:55.152Z'
System info: host: 'PAVAN-PC', ip: '172.20.10.3', os.name: 'Windows 7', os.arch: 'x86', os.version: '6.1', java.version: '1.8.0_144'
Driver info: org.openqa.selenium.chrome.ChromeDriver
Capabilities {acceptInsecureCerts: false, acceptSslCerts: false, applicationCacheEnabled: false, browserConnectionEnabled: false, browserName: chrome, chrome: {chromedriverVersion: 2.40.565498 (ea082db3280dd6..., userDataDir: C:\Users\PAVAN\AppData\Loca...}, cssSelectorsEnabled: true, databaseEnabled: false, handlesAlerts: true, hasTouchScreen: false, javascriptEnabled: true, locationContextEnabled: true, mobileEmulationEnabled: false, nativeEvents: true, networkConnectionEnabled: false, pageLoadStrategy: normal, platform: XP, platformName: XP, rotatable: false, setWindowRect: true, takesHeapSnapshot: true, takesScreenshot: true, unexpectedAlertBehaviour: , unhandledPromptBehavior: , version: 74.0.3729.169, webStorageEnabled: true}
Session ID: 97af02f28ee68e1ba7b3a786ad0784b7
	at com.crm.qa.TestRunner.TestRunnerClass.feature(TestRunnerClass.java:33)
Caused by: org.openqa.selenium.TimeoutException: 
timeout
  (Session info: chrome=74.0.3729.169)
  (Driver info: chromedriver=2.40.565498 (ea082db3280dd6843ebfb08a625e3eb905c4f5ab),platform=Windows NT 6.1.7600 SP1 x86) (WARNING: The server did not provide any stacktrace information)
Command duration or timeout: 0 milliseconds
Build info: version: '3.11.0', revision: 'e59cfb3', time: '2018-03-11T20:26:55.152Z'
System info: host: 'PAVAN-PC', ip: '172.20.10.3', os.name: 'Windows 7', os.arch: 'x86', os.version: '6.1', java.version: '1.8.0_144'
Driver info: org.openqa.selenium.chrome.ChromeDriver
Capabilities {acceptInsecureCerts: false, acceptSslCerts: false, applicationCacheEnabled: false, browserConnectionEnabled: false, browserName: chrome, chrome: {chromedriverVersion: 2.40.565498 (ea082db3280dd6..., userDataDir: C:\Users\PAVAN\AppData\Loca...}, cssSelectorsEnabled: true, databaseEnabled: false, handlesAlerts: true, hasTouchScreen: false, javascriptEnabled: true, locationContextEnabled: true, mobileEmulationEnabled: false, nativeEvents: true, networkConnectionEnabled: false, pageLoadStrategy: normal, platform: XP, platformName: XP, rotatable: false, setWindowRect: true, takesHeapSnapshot: true, takesScreenshot: true, unexpectedAlertBehaviour: , unhandledPromptBehavior: , version: 74.0.3729.169, webStorageEnabled: true}
Session ID: 97af02f28ee68e1ba7b3a786ad0784b7
</failure>
    <system-out><![CDATA[Feature: CRM Login

  #Logging in Using Scenario Outline - Achieving Data Driven Approach
  #Taking UserName and Password from Feature file
  Scenario Outline: Free CRM Login Test Scenario                             # D:/Pavan_JavaPractice/Automation/BDDFrameworkTestNG/src/main/java/com/crm/qa/Features/LoginFeature_2.feature:5
    Given User is already on Login Page
    When Title of login page is Free CRM
    Then User enters "<Username>" and "<Password>" and click on login button
    Then User is on home page

    Examples: 
Before navigating to: 'https://classic.crmpro.com/index.html'
Navigated to:'https://classic.crmpro.com/index.html'
06-09-2019 23:33:29 LoginTestCase_2.java INFO  [main] Utilities.WebEventListener 24 - Browser Launched Successfully
06-09-2019 23:33:30 LoginTestCase_2.java INFO  [main] Pages.LoginPage 33 - Login Page Title Verified
Trying to Find Element By : By.name: username
Found Element By : By.name: username
Trying to Find Element By : By.name: password
Found Element By : By.name: password
Trying to Find Element By : By.xpath: //input[@class='btn btn-small' and @type='submit']
Found Element By : By.xpath: //input[@class='btn btn-small' and @type='submit']
Exception Occured: org.openqa.selenium.TimeoutException: timeout
  (Session info: chrome=74.0.3729.169)
  (Driver info: chromedriver=2.40.565498 (ea082db3280dd6843ebfb08a625e3eb905c4f5ab),platform=Windows NT 6.1.7600 SP1 x86) (WARNING: The server did not provide any stacktrace information)
Command duration or timeout: 0 milliseconds
Build info: version: '3.11.0', revision: 'e59cfb3', time: '2018-03-11T20:26:55.152Z'
System info: host: 'PAVAN-PC', ip: '172.20.10.3', os.name: 'Windows 7', os.arch: 'x86', os.version: '6.1', java.version: '1.8.0_144'
Driver info: org.openqa.selenium.chrome.ChromeDriver
Capabilities {acceptInsecureCerts: false, acceptSslCerts: false, applicationCacheEnabled: false, browserConnectionEnabled: false, browserName: chrome, chrome: {chromedriverVersion: 2.40.565498 (ea082db3280dd6..., userDataDir: C:\Users\PAVAN\AppData\Loca...}, cssSelectorsEnabled: true, databaseEnabled: false, handlesAlerts: true, hasTouchScreen: false, javascriptEnabled: true, locationContextEnabled: true, mobileEmulationEnabled: false, nativeEvents: true, networkConnectionEnabled: false, pageLoadStrategy: normal, platform: XP, platformName: XP, rotatable: false, setWindowRect: true, takesHeapSnapshot: true, takesScreenshot: true, unexpectedAlertBehaviour: , unhandledPromptBehavior: , version: 74.0.3729.169, webStorageEnabled: true}
Session ID: 97af02f28ee68e1ba7b3a786ad0784b7

  Scenario Outline: Free CRM Login Test Scenario                            # D:/Pavan_JavaPractice/Automation/BDDFrameworkTestNG/src/main/java/com/crm/qa/Features/LoginFeature_2.feature:13
    Given User is already on Login Page                                     # LoginTestCase_2.user_is_already_on_Login_Page()
    When Title of login page is Free CRM                                    # LoginTestCase_2.title_of_login_page_is_Free_CRM()
    Then User enters "pavanreddy" and "Saibaba77" and click on login button # LoginTestCase_2.user_enters_and_and_click_on_login_button(String,String)
      org.openqa.selenium.TimeoutException: timeout
        (Session info: chrome=74.0.3729.169)
        (Driver info: chromedriver=2.40.565498 (ea082db3280dd6843ebfb08a625e3eb905c4f5ab),platform=Windows NT 6.1.7600 SP1 x86) (WARNING: The server did not provide any stacktrace information)
      Command duration or timeout: 0 milliseconds
      Build info: version: '3.11.0', revision: 'e59cfb3', time: '2018-03-11T20:26:55.152Z'
      System info: host: 'PAVAN-PC', ip: '172.20.10.3', os.name: 'Windows 7', os.arch: 'x86', os.version: '6.1', java.version: '1.8.0_144'
      Driver info: org.openqa.selenium.chrome.ChromeDriver
      Capabilities {acceptInsecureCerts: false, acceptSslCerts: false, applicationCacheEnabled: false, browserConnectionEnabled: false, browserName: chrome, chrome: {chromedriverVersion: 2.40.565498 (ea082db3280dd6..., userDataDir: C:\Users\PAVAN\AppData\Loca...}, cssSelectorsEnabled: true, databaseEnabled: false, handlesAlerts: true, hasTouchScreen: false, javascriptEnabled: true, locationContextEnabled: true, mobileEmulationEnabled: false, nativeEvents: true, networkConnectionEnabled: false, pageLoadStrategy: normal, platform: XP, platformName: XP, rotatable: false, setWindowRect: true, takesHeapSnapshot: true, takesScreenshot: true, unexpectedAlertBehaviour: , unhandledPromptBehavior: , version: 74.0.3729.169, webStorageEnabled: true}
      Session ID: 97af02f28ee68e1ba7b3a786ad0784b7
      	at sun.reflect.NativeConstructorAccessorImpl.newInstance0(Native Method)
      	at sun.reflect.NativeConstructorAccessorImpl.newInstance(NativeConstructorAccessorImpl.java:62)
      	at sun.reflect.DelegatingConstructorAccessorImpl.newInstance(DelegatingConstructorAccessorImpl.java:45)
      	at java.lang.reflect.Constructor.newInstance(Constructor.java:423)
      	at org.openqa.selenium.remote.ErrorHandler.createThrowable(ErrorHandler.java:214)
      	at org.openqa.selenium.remote.ErrorHandler.throwIfResponseFailed(ErrorHandler.java:166)
      	at org.openqa.selenium.remote.http.JsonHttpResponseCodec.reconstructValue(JsonHttpResponseCodec.java:40)
      	at org.openqa.selenium.remote.http.AbstractHttpResponseCodec.decode(AbstractHttpResponseCodec.java:80)
      	at org.openqa.selenium.remote.http.AbstractHttpResponseCodec.decode(AbstractHttpResponseCodec.java:44)
      	at org.openqa.selenium.remote.HttpCommandExecutor.execute(HttpCommandExecutor.java:158)
      	at org.openqa.selenium.remote.service.DriverCommandExecutor.execute(DriverCommandExecutor.java:83)
      	at org.openqa.selenium.remote.RemoteWebDriver.execute(RemoteWebDriver.java:545)
      	at org.openqa.selenium.remote.RemoteWebDriver.executeScript(RemoteWebDriver.java:482)
      	at sun.reflect.NativeMethodAccessorImpl.invoke0(Native Method)
      	at sun.reflect.NativeMethodAccessorImpl.invoke(NativeMethodAccessorImpl.java:62)
      	at sun.reflect.DelegatingMethodAccessorImpl.invoke(DelegatingMethodAccessorImpl.java:43)
      	at java.lang.reflect.Method.invoke(Method.java:498)
      	at org.openqa.selenium.support.events.EventFiringWebDriver.lambda$new$1(EventFiringWebDriver.java:103)
      	at com.sun.proxy.$Proxy15.executeScript(Unknown Source)
      	at org.openqa.selenium.support.events.EventFiringWebDriver.executeScript(EventFiringWebDriver.java:215)
      	at com.crm.qa.Pages.LoginPage.login(LoginPage.java:53)
      	at com.crm.qa.StepDefinitions.LoginTestCase_2.user_enters_and_and_click_on_login_button(LoginTestCase_2.java:39)
      	at ?.Then User enters "pavanreddy" and "Saibaba77" and click on login button(D:/Pavan_JavaPractice/Automation/BDDFrameworkTestNG/src/main/java/com/crm/qa/Features/LoginFeature_2.feature:8)

    Then User is on home page                                               # LoginTestCase_2.user_is_on_home_page()
Before navigating to: 'https://classic.crmpro.com/index.html'
Navigated to:'https://classic.crmpro.com/index.html'
06-09-2019 23:34:24 LoginTestCase_2.java INFO  [main] Utilities.WebEventListener 24 - Browser Launched Successfully
06-09-2019 23:34:24 LoginTestCase_2.java INFO  [main] Pages.LoginPage 33 - Login Page Title Verified
Trying to Find Element By : By.name: username
Found Element By : By.name: username
Trying to Find Element By : By.name: password
Found Element By : By.name: password
Trying to Find Element By : By.xpath: //input[@class='btn btn-small' and @type='submit']
Found Element By : By.xpath: //input[@class='btn btn-small' and @type='submit']
06-09-2019 23:34:37 LoginTestCase_2.java INFO  [main] Pages.HomePage 40 - Successfully Logged into CRM Application
06-09-2019 23:34:37 LoginTestCase_2.java INFO  [main] Pages.HomePage 49 - User is on Home Page

  Scenario Outline: Free CRM Login Test Scenario                            # D:/Pavan_JavaPractice/Automation/BDDFrameworkTestNG/src/main/java/com/crm/qa/Features/LoginFeature_2.feature:14
    Given User is already on Login Page                                     # LoginTestCase_2.user_is_already_on_Login_Page()
    When Title of login page is Free CRM                                    # LoginTestCase_2.title_of_login_page_is_Free_CRM()
    Then User enters "pavanreddy" and "Saibaba77" and click on login button # LoginTestCase_2.user_enters_and_and_click_on_login_button(String,String)
    Then User is on home page                                               # LoginTestCase_2.user_is_on_home_page()
]]></system-out>
    <system-err><![CDATA[Starting ChromeDriver 2.40.565498 (ea082db3280dd6843ebfb08a625e3eb905c4f5ab) on port 42859
Only local connections are allowed.
Jun 09, 2019 11:33:16 PM org.openqa.selenium.remote.ProtocolHandshake createSession
INFO: Detected dialect: OSS
[1560103435.434][SEVERE]: Timed out receiving message from renderer: 20.000
[1560103435.546][SEVERE]: Timed out receiving message from renderer: -0.150
Starting ChromeDriver 2.40.565498 (ea082db3280dd6843ebfb08a625e3eb905c4f5ab) on port 1185
Only local connections are allowed.
[1560103441.168][WARNING]: Timed out connecting to Chrome, retrying...
Jun 09, 2019 11:34:05 PM org.openqa.selenium.remote.ProtocolHandshake createSession
INFO: Detected dialect: OSS
]]></system-err>
  </testcase>
</testsuite>