<?xml version="1.0" encoding="UTF-8"?>
<testng-results skipped="0" failed="0" ignored="0" total="1" passed="1">
  <reporter-output>
  </reporter-output>
  <suite name="BDD Test Suite" duration-ms="36409" started-at="2019-06-10T15:19:09Z" finished-at="2019-06-10T15:19:45Z">
    <groups>
      <group name="cucumber">
        <method signature="TestRunnerClass.feature(cucumber.api.testng.CucumberFeatureWrapper)[pri:0, instance:com.crm.qa.TestRunner.TestRunnerClass@174d20a]" name="feature" class="com.crm.qa.TestRunner.TestRunnerClass"/>
      </group> <!-- cucumber -->
    </groups>
    <test name="Free CRM Test" duration-ms="36409" started-at="2019-06-10T15:19:09Z" finished-at="2019-06-10T15:19:45Z">
      <class name="com.crm.qa.TestRunner.TestRunnerClass">
        <test-method status="PASS" signature="setUpClass()[pri:0, instance:com.crm.qa.TestRunner.TestRunnerClass@174d20a]" name="setUpClass" is-config="true" duration-ms="351" started-at="2019-06-10T15:19:09Z" finished-at="2019-06-10T15:19:09Z">
          <reporter-output>
          </reporter-output>
        </test-method> <!-- setUpClass -->
        <test-method status="PASS" signature="feature(cucumber.api.testng.CucumberFeatureWrapper)[pri:0, instance:com.crm.qa.TestRunner.TestRunnerClass@174d20a]" name="feature" duration-ms="35678" started-at="2019-06-10T15:19:10Z" description="Runs Cucumber Feature" data-provider="features" finished-at="2019-06-10T15:19:45Z">
          <params>
            <param index="0">
              <value>
                <![CDATA[Free CRM Login With Examples]]>
              </value>
            </param>
          </params>
          <reporter-output>
          </reporter-output>
        </test-method> <!-- feature -->
        <test-method status="PASS" signature="tearDownClass()[pri:0, instance:com.crm.qa.TestRunner.TestRunnerClass@174d20a]" name="tearDownClass" is-config="true" duration-ms="218" started-at="2019-06-10T15:19:45Z" finished-at="2019-06-10T15:19:45Z">
          <reporter-output>
          </reporter-output>
        </test-method> <!-- tearDownClass -->
      </class> <!-- com.crm.qa.TestRunner.TestRunnerClass -->
    </test> <!-- Free CRM Test -->
  </suite> <!-- BDD Test Suite -->
</testng-results>
