<?xml version="1.0" encoding="UTF-8"?>
<testng-results skipped="0" failed="0" ignored="0" total="1" passed="1">
  <reporter-output>
  </reporter-output>
  <suite name="BDD Test Suite" duration-ms="43189" started-at="2019-06-09T18:09:16Z" finished-at="2019-06-09T18:09:59Z">
    <groups>
      <group name="cucumber">
        <method signature="TestRunnerClass.feature(cucumber.api.testng.CucumberFeatureWrapper)[pri:0, instance:com.crm.qa.TestRunner.TestRunnerClass@1ec1f0c]" name="feature" class="com.crm.qa.TestRunner.TestRunnerClass"/>
      </group> <!-- cucumber -->
    </groups>
    <test name="Free CRM Test" duration-ms="43189" started-at="2019-06-09T18:09:16Z" finished-at="2019-06-09T18:09:59Z">
      <class name="com.crm.qa.TestRunner.TestRunnerClass">
        <test-method status="PASS" signature="setUpClass()[pri:0, instance:com.crm.qa.TestRunner.TestRunnerClass@1ec1f0c]" name="setUpClass" is-config="true" duration-ms="296" started-at="2019-06-09T23:39:16Z" finished-at="2019-06-09T23:39:16Z">
          <reporter-output>
          </reporter-output>
        </test-method> <!-- setUpClass -->
        <test-method status="PASS" signature="feature(cucumber.api.testng.CucumberFeatureWrapper)[pri:0, instance:com.crm.qa.TestRunner.TestRunnerClass@1ec1f0c]" name="feature" duration-ms="42697" started-at="2019-06-09T23:39:17Z" description="Runs Cucumber Feature" data-provider="features" finished-at="2019-06-09T23:39:59Z">
          <params>
            <param index="0">
              <value>
                <![CDATA[CRM Login]]>
              </value>
            </param>
          </params>
          <reporter-output>
          </reporter-output>
        </test-method> <!-- feature -->
        <test-method status="PASS" signature="tearDownClass()[pri:0, instance:com.crm.qa.TestRunner.TestRunnerClass@1ec1f0c]" name="tearDownClass" is-config="true" duration-ms="59" started-at="2019-06-09T23:39:59Z" finished-at="2019-06-09T23:39:59Z">
          <reporter-output>
          </reporter-output>
        </test-method> <!-- tearDownClass -->
      </class> <!-- com.crm.qa.TestRunner.TestRunnerClass -->
    </test> <!-- Free CRM Test -->
  </suite> <!-- BDD Test Suite -->
</testng-results>
