<?xml version="1.0" encoding="UTF-8"?>
<testng-results skipped="0" failed="0" ignored="0" total="1" passed="1">
  <reporter-output>
  </reporter-output>
  <suite name="BDD Test Suite" duration-ms="55236" started-at="2019-06-08T15:14:05Z" finished-at="2019-06-08T15:15:00Z">
    <groups>
      <group name="cucumber">
        <method signature="TestRunnerClass.feature(cucumber.api.testng.CucumberFeatureWrapper)[pri:0, instance:com.crm.qa.TestRunner.TestRunnerClass@1494225]" name="feature" class="com.crm.qa.TestRunner.TestRunnerClass"/>
      </group> <!-- cucumber -->
    </groups>
    <test name="Free CRM Test" duration-ms="55236" started-at="2019-06-08T15:14:05Z" finished-at="2019-06-08T15:15:00Z">
      <class name="com.crm.qa.TestRunner.TestRunnerClass">
        <test-method status="PASS" signature="setUpClass()[pri:0, instance:com.crm.qa.TestRunner.TestRunnerClass@1494225]" name="setUpClass" is-config="true" duration-ms="443" started-at="2019-06-08T20:44:05Z" finished-at="2019-06-08T20:44:06Z">
          <reporter-output>
          </reporter-output>
        </test-method> <!-- setUpClass -->
        <test-method status="PASS" signature="feature(cucumber.api.testng.CucumberFeatureWrapper)[pri:0, instance:com.crm.qa.TestRunner.TestRunnerClass@1494225]" name="feature" duration-ms="54343" started-at="2019-06-08T20:44:06Z" description="Runs Cucumber Feature" data-provider="features" finished-at="2019-06-08T20:45:00Z">
          <params>
            <param index="0">
              <value>
                <![CDATA[CRM Login]]>
              </value>
            </param>
          </params>
          <reporter-output>
          </reporter-output>
        </test-method> <!-- feature -->
        <test-method status="PASS" signature="tearDownClass()[pri:0, instance:com.crm.qa.TestRunner.TestRunnerClass@1494225]" name="tearDownClass" is-config="true" duration-ms="247" started-at="2019-06-08T20:45:00Z" finished-at="2019-06-08T20:45:00Z">
          <reporter-output>
          </reporter-output>
        </test-method> <!-- tearDownClass -->
      </class> <!-- com.crm.qa.TestRunner.TestRunnerClass -->
    </test> <!-- Free CRM Test -->
  </suite> <!-- BDD Test Suite -->
</testng-results>
